[debug] [2026-04-03T17:04:42.949Z] ----------------------------------------------------------------------
[debug] [2026-04-03T17:04:42.950Z] Command:       /snap/node/11398/bin/node /usr/local/bin/firebase deploy --only functions
[debug] [2026-04-03T17:04:42.951Z] CLI Version:   15.12.0
[debug] [2026-04-03T17:04:42.951Z] Platform:      linux
[debug] [2026-04-03T17:04:42.951Z] Node Version:  v24.14.1
[debug] [2026-04-03T17:04:42.951Z] Time:          Fri Apr 03 2026 22:34:42 GMT+0530 (India Standard Time)
[debug] [2026-04-03T17:04:42.951Z] ----------------------------------------------------------------------
[debug] 
[debug] [2026-04-03T17:04:44.096Z] > command requires scopes: ["email","openid","https://www.googleapis.com/auth/cloudplatformprojects.readonly","https://www.googleapis.com/auth/firebase","https://www.googleapis.com/auth/cloud-platform"]
[debug] [2026-04-03T17:04:44.097Z] > authorizing via signed-in user (hnkm.personal@gmail.com)
[debug] [2026-04-03T17:04:44.097Z] [iam] checking project neverbe-18307 for permissions ["cloudfunctions.functions.create","cloudfunctions.functions.delete","cloudfunctions.functions.get","cloudfunctions.functions.list","cloudfunctions.functions.update","cloudfunctions.operations.get","firebase.projects.get"]
[debug] [2026-04-03T17:04:44.098Z] Checked if tokens are valid: false, expires at: 1775236647282
[debug] [2026-04-03T17:04:44.098Z] Checked if tokens are valid: false, expires at: 1775236647282
[debug] [2026-04-03T17:04:44.098Z] > refreshing access token with scopes: []
[debug] [2026-04-03T17:04:44.101Z] >>> [apiv2][query] POST https://www.googleapis.com/oauth2/v3/token [none]
[debug] [2026-04-03T17:04:44.101Z] >>> [apiv2][body] POST https://www.googleapis.com/oauth2/v3/token [omitted]
[debug] [2026-04-03T17:04:44.365Z] <<< [apiv2][status] POST https://www.googleapis.com/oauth2/v3/token 200
[debug] [2026-04-03T17:04:44.366Z] <<< [apiv2][body] POST https://www.googleapis.com/oauth2/v3/token [omitted]
[debug] [2026-04-03T17:04:44.369Z] >>> [apiv2][query] POST https://cloudresourcemanager.googleapis.com/v1/projects/neverbe-18307:testIamPermissions [none]
[debug] [2026-04-03T17:04:44.369Z] >>> [apiv2][(partial)header] POST https://cloudresourcemanager.googleapis.com/v1/projects/neverbe-18307:testIamPermissions  x-goog-user-project=neverbe-18307
[debug] [2026-04-03T17:04:44.370Z] >>> [apiv2][body] POST https://cloudresourcemanager.googleapis.com/v1/projects/neverbe-18307:testIamPermissions {"permissions":["cloudfunctions.functions.create","cloudfunctions.functions.delete","cloudfunctions.functions.get","cloudfunctions.functions.list","cloudfunctions.functions.update","cloudfunctions.operations.get","firebase.projects.get"]}
[debug] [2026-04-03T17:04:45.668Z] <<< [apiv2][status] POST https://cloudresourcemanager.googleapis.com/v1/projects/neverbe-18307:testIamPermissions 200
[debug] [2026-04-03T17:04:45.668Z] <<< [apiv2][body] POST https://cloudresourcemanager.googleapis.com/v1/projects/neverbe-18307:testIamPermissions {"permissions":["cloudfunctions.functions.create","cloudfunctions.functions.delete","cloudfunctions.functions.get","cloudfunctions.functions.list","cloudfunctions.functions.update","cloudfunctions.operations.get","firebase.projects.get"]}
[debug] [2026-04-03T17:04:45.669Z] Checked if tokens are valid: true, expires at: 1775239483366
[debug] [2026-04-03T17:04:45.669Z] Checked if tokens are valid: true, expires at: 1775239483366
[debug] [2026-04-03T17:04:45.669Z] >>> [apiv2][query] POST https://iam.googleapis.com/v1/projects/neverbe-18307/serviceAccounts/neverbe-18307@appspot.gserviceaccount.com:testIamPermissions [none]
[debug] [2026-04-03T17:04:45.669Z] >>> [apiv2][body] POST https://iam.googleapis.com/v1/projects/neverbe-18307/serviceAccounts/neverbe-18307@appspot.gserviceaccount.com:testIamPermissions {"permissions":["iam.serviceAccounts.actAs"]}
